2025-12-23 18:11:32,350 - INFO - root - 数据库连接成功
2025-12-23 18:13:43,118 - INFO - root - 数据库连接成功
2025-12-23 18:13:49,081 - INFO - __main__ - 客服 小旭 登录成功，ID: 2
2025-12-23 18:25:28,500 - INFO - root - 数据库连接成功
2025-12-23 18:25:37,105 - INFO - __main__ - 客服 小旭 登录成功，ID: 2
2025-12-23 18:35:14,395 - INFO - root - 数据库连接成功
2025-12-23 18:35:25,234 - INFO - __main__ - 客服 小旭 登录成功，ID: 2
2025-12-23 18:37:03,598 - INFO - root - 数据库连接成功
2025-12-23 18:45:49,338 - INFO - root - 数据库连接成功
2025-12-23 18:46:01,498 - INFO - __main__ - 客服 小旭 登录成功，ID: 2
2025-12-23 18:51:18,359 - INFO - root - 数据库连接成功
2025-12-23 18:51:23,520 - INFO - __main__ - 客服 小旭 登录成功，ID: 2
2025-12-23 18:52:32,934 - INFO - root - 数据库连接成功
2025-12-23 18:52:34,401 - INFO - __main__ - 客服 小旭 登录成功，ID: 2
2026-01-06 19:04:36,859 - INFO - root - 数据库连接成功
2026-01-06 19:05:00,295 - INFO - __main__ - 客服 小旭 登录成功，ID: 2
2026-01-06 19:05:00,404 - INFO - __main__ - WebSocket 连接成功: user_id=2, sid=NhmDGsnB-ur2vBU9AAAB
2026-01-06 19:05:01,020 - INFO - __main__ - 用户 2 加入会话房间: chat_1_9a5c331d, sid=NhmDGsnB-ur2vBU9AAAB
2026-01-06 19:08:18,392 - INFO - root - 成功连接到邮件服务器
2026-01-06 19:08:18,794 - INFO - root - 验证码邮件已成功发送至 1054005418@qq.com
2026-01-06 19:08:18,809 - INFO - root - 已关闭与邮件服务器的连接
2026-01-06 19:08:40,958 - INFO - __main__ - 用户 timio 登录成功，ID: 1
2026-01-06 19:09:56,885 - INFO - __main__ - WebSocket 断开: user_id=2, sid=NhmDGsnB-ur2vBU9AAAB
2026-01-06 19:10:05,137 - INFO - root - 数据库连接成功
2026-01-06 19:10:34,863 - INFO - root - 数据库连接成功
2026-01-06 19:14:29,979 - INFO - root - 成功连接到邮件服务器
2026-01-06 19:14:30,360 - INFO - root - 验证码邮件已成功发送至 1054005418@qq.com
2026-01-06 19:14:30,377 - INFO - root - 已关闭与邮件服务器的连接
2026-01-06 19:17:33,769 - INFO - root - 成功连接到邮件服务器
2026-01-06 19:17:34,322 - INFO - root - 验证码邮件已成功发送至 1054005418@qq.com
2026-01-06 19:17:34,337 - INFO - root - 已关闭与邮件服务器的连接
2026-01-06 19:17:57,664 - INFO - __main__ - 用户 timio 登录成功，ID: 1
2026-01-06 19:18:35,628 - INFO - __main__ - 客服 小旭 登录成功，ID: 2
2026-01-06 19:31:54,488 - INFO - root - 数据库连接成功
2026-01-06 20:21:25,920 - INFO - root - 数据库连接成功
2026-01-06 20:45:18,169 - INFO - root - 数据库连接成功
